[2015-12-21 15:21:05,973][INFO ][node                     ] [Ruckus] version[2.1.1], pid[26026], build[40e2c53/2015-12-15T13:05:55Z]
[2015-12-21 15:21:05,974][INFO ][node                     ] [Ruckus] initializing ...
[2015-12-21 15:21:05,988][ERROR][bootstrap                ] Exception
java.lang.IllegalStateException: ${elasticsearch.plugin.name} requires Java 1.8:, your system: 1.7
	at org.elasticsearch.bootstrap.JarHell.checkJavaVersion(JarHell.java:248)
	at org.elasticsearch.plugins.PluginInfo.readFromProperties(PluginInfo.java:125)
	at org.elasticsearch.plugins.PluginsService.getPluginBundles(PluginsService.java:302)
	at org.elasticsearch.plugins.PluginsService.<init>(PluginsService.java:108)
	at org.elasticsearch.node.Node.<init>(Node.java:146)
	at org.elasticsearch.node.Node.<init>(Node.java:128)
	at org.elasticsearch.node.NodeBuilder.build(NodeBuilder.java:145)
	at org.elasticsearch.bootstrap.Bootstrap.setup(Bootstrap.java:178)
	at org.elasticsearch.bootstrap.Bootstrap.init(Bootstrap.java:285)
	at org.elasticsearch.bootstrap.Elasticsearch.main(Elasticsearch.java:35)
[2015-12-21 15:23:02,355][INFO ][node                     ] [Frigga] version[2.1.1], pid[26271], build[40e2c53/2015-12-15T13:05:55Z]
[2015-12-21 15:23:02,356][INFO ][node                     ] [Frigga] initializing ...
[2015-12-21 15:23:02,374][ERROR][bootstrap                ] Exception
java.lang.IllegalStateException: ${elasticsearch.plugin.name} requires Java 1.8:, your system: 1.7
	at org.elasticsearch.bootstrap.JarHell.checkJavaVersion(JarHell.java:248)
	at org.elasticsearch.plugins.PluginInfo.readFromProperties(PluginInfo.java:125)
	at org.elasticsearch.plugins.PluginsService.getPluginBundles(PluginsService.java:302)
	at org.elasticsearch.plugins.PluginsService.<init>(PluginsService.java:108)
	at org.elasticsearch.node.Node.<init>(Node.java:146)
	at org.elasticsearch.node.Node.<init>(Node.java:128)
	at org.elasticsearch.node.NodeBuilder.build(NodeBuilder.java:145)
	at org.elasticsearch.bootstrap.Bootstrap.setup(Bootstrap.java:178)
	at org.elasticsearch.bootstrap.Bootstrap.init(Bootstrap.java:285)
	at org.elasticsearch.bootstrap.Elasticsearch.main(Elasticsearch.java:35)
[2015-12-21 15:35:54,613][INFO ][node                     ] [Mosha] version[2.1.1], pid[27375], build[40e2c53/2015-12-15T13:05:55Z]
[2015-12-21 15:35:54,614][INFO ][node                     ] [Mosha] initializing ...
[2015-12-21 15:35:54,633][ERROR][bootstrap                ] Exception
java.lang.IllegalStateException: ${elasticsearch.plugin.name} requires Java 1.8:, your system: 1.7
	at org.elasticsearch.bootstrap.JarHell.checkJavaVersion(JarHell.java:248)
	at org.elasticsearch.plugins.PluginInfo.readFromProperties(PluginInfo.java:125)
	at org.elasticsearch.plugins.PluginsService.getPluginBundles(PluginsService.java:302)
	at org.elasticsearch.plugins.PluginsService.<init>(PluginsService.java:108)
	at org.elasticsearch.node.Node.<init>(Node.java:146)
	at org.elasticsearch.node.Node.<init>(Node.java:128)
	at org.elasticsearch.node.NodeBuilder.build(NodeBuilder.java:145)
	at org.elasticsearch.bootstrap.Bootstrap.setup(Bootstrap.java:178)
	at org.elasticsearch.bootstrap.Bootstrap.init(Bootstrap.java:285)
	at org.elasticsearch.bootstrap.Elasticsearch.main(Elasticsearch.java:35)
[2015-12-21 17:32:46,379][INFO ][node                     ] [Adrian Corbo] version[2.1.1], pid[2761], build[40e2c53/2015-12-15T13:05:55Z]
[2015-12-21 17:32:46,385][INFO ][node                     ] [Adrian Corbo] initializing ...
[2015-12-21 17:32:47,038][ERROR][analysis-ik              ] path
[2015-12-21 17:32:47,047][INFO ][plugins                  ] [Adrian Corbo] loaded [${elasticsearch.plugin.name}], sites []
[2015-12-21 17:32:47,111][INFO ][env                      ] [Adrian Corbo] using [1] data paths, mounts [[/home (/dev/sda10)]], net usable_space [36.6gb], net total_space [44.6gb], spins? [possibly], types [ext4]
[2015-12-21 17:32:50,386][INFO ][ik-analyzer              ] [Dict Loading]ik/custom/mydict.dic
[2015-12-21 17:32:50,387][INFO ][ik-analyzer              ] [Dict Loading]ik/custom/single_word_low_freq.dic
[2015-12-21 17:32:50,398][INFO ][ik-analyzer              ] [Dict Loading]ik/custom/ext_stopword.dic
[2015-12-21 17:32:51,294][INFO ][node                     ] [Adrian Corbo] initialized
[2015-12-21 17:32:51,294][INFO ][node                     ] [Adrian Corbo] starting ...
[2015-12-21 17:32:51,398][INFO ][transport                ] [Adrian Corbo] publish_address {127.0.0.1:9300}, bound_addresses {127.0.0.1:9300}, {[::1]:9300}
[2015-12-21 17:32:51,408][INFO ][discovery                ] [Adrian Corbo] elasticsearch/fa4scnzPSiWor0SmPPqGpQ
[2015-12-21 17:32:54,457][INFO ][cluster.service          ] [Adrian Corbo] new_master {Adrian Corbo}{fa4scnzPSiWor0SmPPqGpQ}{127.0.0.1}{127.0.0.1:9300}, reason: zen-disco-join(elected_as_master, [0] joins received)
[2015-12-21 17:32:54,474][INFO ][http                     ] [Adrian Corbo] publish_address {127.0.0.1:9200}, bound_addresses {127.0.0.1:9200}, {[::1]:9200}
[2015-12-21 17:32:54,474][INFO ][node                     ] [Adrian Corbo] started
[2015-12-21 17:32:54,606][INFO ][gateway                  ] [Adrian Corbo] recovered [0] indices into cluster_state
[2015-12-21 17:35:39,052][INFO ][cluster.metadata         ] [Adrian Corbo] [weibo] creating index, cause [api], templates [], shards [10]/[1], mappings [weibo]
[2015-12-21 17:46:59,669][WARN ][transport.netty          ] [Adrian Corbo] exception caught on transport layer [[id: 0xc2a91cc6, /0:0:0:0:0:0:0:1:52430 => /0:0:0:0:0:0:0:1:9300]], closing connection
java.io.IOException: 断开的管道
	at sun.nio.ch.FileDispatcherImpl.write0(Native Method)
	at sun.nio.ch.SocketDispatcher.write(SocketDispatcher.java:47)
	at sun.nio.ch.IOUtil.writeFromNativeBuffer(IOUtil.java:93)
	at sun.nio.ch.IOUtil.write(IOUtil.java:51)
	at sun.nio.ch.SocketChannelImpl.write(SocketChannelImpl.java:471)
	at org.jboss.netty.channel.socket.nio.SocketSendBufferPool$UnpooledSendBuffer.transferTo(SocketSendBufferPool.java:203)
	at org.jboss.netty.channel.socket.nio.AbstractNioWorker.write0(AbstractNioWorker.java:201)
	at org.jboss.netty.channel.socket.nio.AbstractNioWorker.writeFromUserCode(AbstractNioWorker.java:146)
	at org.jboss.netty.channel.socket.nio.NioServerSocketPipelineSink.handleAcceptedSocket(NioServerSocketPipelineSink.java:99)
	at org.jboss.netty.channel.socket.nio.NioServerSocketPipelineSink.eventSunk(NioServerSocketPipelineSink.java:36)
	at org.jboss.netty.channel.DefaultChannelPipeline.sendDownstream(DefaultChannelPipeline.java:574)
	at org.jboss.netty.channel.Channels.write(Channels.java:704)
	at org.jboss.netty.channel.Channels.write(Channels.java:671)
	at org.jboss.netty.channel.AbstractChannel.write(AbstractChannel.java:348)
	at org.elasticsearch.transport.netty.NettyTransportChannel.sendResponse(NettyTransportChannel.java:103)
	at org.elasticsearch.transport.netty.NettyTransportChannel.sendResponse(NettyTransportChannel.java:75)
	at org.elasticsearch.discovery.zen.ping.unicast.UnicastZenPing$UnicastPingRequestHandler.messageReceived(UnicastZenPing.java:522)
	at org.elasticsearch.discovery.zen.ping.unicast.UnicastZenPing$UnicastPingRequestHandler.messageReceived(UnicastZenPing.java:518)
	at org.elasticsearch.transport.netty.MessageChannelHandler.handleRequest(MessageChannelHandler.java:244)
	at org.elasticsearch.transport.netty.MessageChannelHandler.messageReceived(MessageChannelHandler.java:114)
	at org.jboss.netty.channel.SimpleChannelUpstreamHandler.handleUpstream(SimpleChannelUpstreamHandler.java:70)
	at org.jboss.netty.channel.DefaultChannelPipeline.sendUpstream(DefaultChannelPipeline.java:564)
	at org.jboss.netty.channel.DefaultChannelPipeline$DefaultChannelHandlerContext.sendUpstream(DefaultChannelPipeline.java:791)
	at org.jboss.netty.channel.Channels.fireMessageReceived(Channels.java:296)
	at org.jboss.netty.handler.codec.frame.FrameDecoder.unfoldAndFireMessageReceived(FrameDecoder.java:462)
	at org.jboss.netty.handler.codec.frame.FrameDecoder.callDecode(FrameDecoder.java:443)
	at org.jboss.netty.handler.codec.frame.FrameDecoder.messageReceived(FrameDecoder.java:303)
	at org.jboss.netty.channel.SimpleChannelUpstreamHandler.handleUpstream(SimpleChannelUpstreamHandler.java:70)
	at org.jboss.netty.channel.DefaultChannelPipeline.sendUpstream(DefaultChannelPipeline.java:564)
	at org.jboss.netty.channel.DefaultChannelPipeline$DefaultChannelHandlerContext.sendUpstream(DefaultChannelPipeline.java:791)
	at org.elasticsearch.common.netty.OpenChannelsHandler.handleUpstream(OpenChannelsHandler.java:75)
	at org.jboss.netty.channel.DefaultChannelPipeline.sendUpstream(DefaultChannelPipeline.java:564)
	at org.jboss.netty.channel.DefaultChannelPipeline.sendUpstream(DefaultChannelPipeline.java:559)
	at org.jboss.netty.channel.Channels.fireMessageReceived(Channels.java:268)
	at org.jboss.netty.channel.Channels.fireMessageReceived(Channels.java:255)
	at org.jboss.netty.channel.socket.nio.NioWorker.read(NioWorker.java:88)
	at org.jboss.netty.channel.socket.nio.AbstractNioWorker.process(AbstractNioWorker.java:108)
	at org.jboss.netty.channel.socket.nio.AbstractNioSelector.run(AbstractNioSelector.java:337)
	at org.jboss.netty.channel.socket.nio.AbstractNioWorker.run(AbstractNioWorker.java:89)
	at org.jboss.netty.channel.socket.nio.NioWorker.run(NioWorker.java:178)
	at org.jboss.netty.util.ThreadRenamingRunnable.run(ThreadRenamingRunnable.java:108)
	at org.jboss.netty.util.internal.DeadLockProofWorker$1.run(DeadLockProofWorker.java:42)
	at java.util.concurrent.ThreadPoolExecutor.runWorker(ThreadPoolExecutor.java:1142)
	at java.util.concurrent.ThreadPoolExecutor$Worker.run(ThreadPoolExecutor.java:617)
	at java.lang.Thread.run(Thread.java:745)
[2015-12-21 17:47:00,141][INFO ][node                     ] [Adrian Corbo] stopping ...
[2015-12-21 17:46:59,699][INFO ][rest.suppressed          ] /weibo Params: {index=weibo}
[weibo] IndexAlreadyExistsException[already exists]
	at org.elasticsearch.cluster.metadata.MetaDataCreateIndexService.validateIndexName(MetaDataCreateIndexService.java:168)
	at org.elasticsearch.cluster.metadata.MetaDataCreateIndexService.validate(MetaDataCreateIndexService.java:520)
	at org.elasticsearch.cluster.metadata.MetaDataCreateIndexService.access$200(MetaDataCreateIndexService.java:97)
	at org.elasticsearch.cluster.metadata.MetaDataCreateIndexService$2.execute(MetaDataCreateIndexService.java:241)
	at org.elasticsearch.cluster.service.InternalClusterService$UpdateTask.run(InternalClusterService.java:388)
	at org.elasticsearch.common.util.concurrent.PrioritizedEsThreadPoolExecutor$TieBreakingPrioritizedRunnable.runAndClean(PrioritizedEsThreadPoolExecutor.java:231)
	at org.elasticsearch.common.util.concurrent.PrioritizedEsThreadPoolExecutor$TieBreakingPrioritizedRunnable.run(PrioritizedEsThreadPoolExecutor.java:194)
	at java.util.concurrent.ThreadPoolExecutor.runWorker(ThreadPoolExecutor.java:1142)
	at java.util.concurrent.ThreadPoolExecutor$Worker.run(ThreadPoolExecutor.java:617)
	at java.lang.Thread.run(Thread.java:745)
[2015-12-21 17:46:59,679][WARN ][transport.netty          ] [Adrian Corbo] exception caught on transport layer [[id: 0xf6839cea, /127.0.0.1:36577 => /127.0.0.1:9300]], closing connection
java.io.IOException: 断开的管道
	at sun.nio.ch.FileDispatcherImpl.write0(Native Method)
	at sun.nio.ch.SocketDispatcher.write(SocketDispatcher.java:47)
	at sun.nio.ch.IOUtil.writeFromNativeBuffer(IOUtil.java:93)
	at sun.nio.ch.IOUtil.write(IOUtil.java:51)
	at sun.nio.ch.SocketChannelImpl.write(SocketChannelImpl.java:471)
	at org.jboss.netty.channel.socket.nio.SocketSendBufferPool$UnpooledSendBuffer.transferTo(SocketSendBufferPool.java:203)
	at org.jboss.netty.channel.socket.nio.AbstractNioWorker.write0(AbstractNioWorker.java:201)
	at org.jboss.netty.channel.socket.nio.AbstractNioWorker.writeFromUserCode(AbstractNioWorker.java:146)
	at org.jboss.netty.channel.socket.nio.NioServerSocketPipelineSink.handleAcceptedSocket(NioServerSocketPipelineSink.java:99)
	at org.jboss.netty.channel.socket.nio.NioServerSocketPipelineSink.eventSunk(NioServerSocketPipelineSink.java:36)
	at org.jboss.netty.channel.DefaultChannelPipeline.sendDownstream(DefaultChannelPipeline.java:574)
	at org.jboss.netty.channel.Channels.write(Channels.java:704)
	at org.jboss.netty.channel.Channels.write(Channels.java:671)
	at org.jboss.netty.channel.AbstractChannel.write(AbstractChannel.java:348)
	at org.elasticsearch.transport.netty.NettyTransportChannel.sendResponse(NettyTransportChannel.java:103)
	at org.elasticsearch.transport.netty.NettyTransportChannel.sendResponse(NettyTransportChannel.java:75)
	at org.elasticsearch.discovery.zen.ping.unicast.UnicastZenPing$UnicastPingRequestHandler.messageReceived(UnicastZenPing.java:522)
	at org.elasticsearch.discovery.zen.ping.unicast.UnicastZenPing$UnicastPingRequestHandler.messageReceived(UnicastZenPing.java:518)
	at org.elasticsearch.transport.netty.MessageChannelHandler.handleRequest(MessageChannelHandler.java:244)
	at org.elasticsearch.transport.netty.MessageChannelHandler.messageReceived(MessageChannelHandler.java:114)
	at org.jboss.netty.channel.SimpleChannelUpstreamHandler.handleUpstream(SimpleChannelUpstreamHandler.java:70)
	at org.jboss.netty.channel.DefaultChannelPipeline.sendUpstream(DefaultChannelPipeline.java:564)
	at org.jboss.netty.channel.DefaultChannelPipeline$DefaultChannelHandlerContext.sendUpstream(DefaultChannelPipeline.java:791)
	at org.jboss.netty.channel.Channels.fireMessageReceived(Channels.java:296)
	at org.jboss.netty.handler.codec.frame.FrameDecoder.unfoldAndFireMessageReceived(FrameDecoder.java:462)
	at org.jboss.netty.handler.codec.frame.FrameDecoder.callDecode(FrameDecoder.java:443)
	at org.jboss.netty.handler.codec.frame.FrameDecoder.messageReceived(FrameDecoder.java:303)
	at org.jboss.netty.channel.SimpleChannelUpstreamHandler.handleUpstream(SimpleChannelUpstreamHandler.java:70)
	at org.jboss.netty.channel.DefaultChannelPipeline.sendUpstream(DefaultChannelPipeline.java:564)
	at org.jboss.netty.channel.DefaultChannelPipeline$DefaultChannelHandlerContext.sendUpstream(DefaultChannelPipeline.java:791)
	at org.elasticsearch.common.netty.OpenChannelsHandler.handleUpstream(OpenChannelsHandler.java:75)
	at org.jboss.netty.channel.DefaultChannelPipeline.sendUpstream(DefaultChannelPipeline.java:564)
	at org.jboss.netty.channel.DefaultChannelPipeline.sendUpstream(DefaultChannelPipeline.java:559)
	at org.jboss.netty.channel.Channels.fireMessageReceived(Channels.java:268)
	at org.jboss.netty.channel.Channels.fireMessageReceived(Channels.java:255)
	at org.jboss.netty.channel.socket.nio.NioWorker.read(NioWorker.java:88)
	at org.jboss.netty.channel.socket.nio.AbstractNioWorker.process(AbstractNioWorker.java:108)
	at org.jboss.netty.channel.socket.nio.AbstractNioSelector.run(AbstractNioSelector.java:337)
	at org.jboss.netty.channel.socket.nio.AbstractNioWorker.run(AbstractNioWorker.java:89)
	at org.jboss.netty.channel.socket.nio.NioWorker.run(NioWorker.java:178)
	at org.jboss.netty.util.ThreadRenamingRunnable.run(ThreadRenamingRunnable.java:108)
	at org.jboss.netty.util.internal.DeadLockProofWorker$1.run(DeadLockProofWorker.java:42)
	at java.util.concurrent.ThreadPoolExecutor.runWorker(ThreadPoolExecutor.java:1142)
	at java.util.concurrent.ThreadPoolExecutor$Worker.run(ThreadPoolExecutor.java:617)
	at java.lang.Thread.run(Thread.java:745)
[2015-12-21 17:46:59,672][WARN ][transport.netty          ] [Adrian Corbo] exception caught on transport layer [[id: 0xe1ba84ba, /127.0.0.1:36610 => /127.0.0.1:9300]], closing connection
java.io.IOException: 断开的管道
	at sun.nio.ch.FileDispatcherImpl.write0(Native Method)
	at sun.nio.ch.SocketDispatcher.write(SocketDispatcher.java:47)
	at sun.nio.ch.IOUtil.writeFromNativeBuffer(IOUtil.java:93)
	at sun.nio.ch.IOUtil.write(IOUtil.java:51)
	at sun.nio.ch.SocketChannelImpl.write(SocketChannelImpl.java:471)
	at org.jboss.netty.channel.socket.nio.SocketSendBufferPool$UnpooledSendBuffer.transferTo(SocketSendBufferPool.java:203)
	at org.jboss.netty.channel.socket.nio.AbstractNioWorker.write0(AbstractNioWorker.java:201)
	at org.jboss.netty.channel.socket.nio.AbstractNioWorker.writeFromUserCode(AbstractNioWorker.java:146)
	at org.jboss.netty.channel.socket.nio.NioServerSocketPipelineSink.handleAcceptedSocket(NioServerSocketPipelineSink.java:99)
	at org.jboss.netty.channel.socket.nio.NioServerSocketPipelineSink.eventSunk(NioServerSocketPipelineSink.java:36)
	at org.jboss.netty.channel.DefaultChannelPipeline.sendDownstream(DefaultChannelPipeline.java:574)
	at org.jboss.netty.channel.Channels.write(Channels.java:704)
	at org.jboss.netty.channel.Channels.write(Channels.java:671)
	at org.jboss.netty.channel.AbstractChannel.write(AbstractChannel.java:348)
	at org.elasticsearch.transport.netty.NettyTransportChannel.sendResponse(NettyTransportChannel.java:103)
	at org.elasticsearch.transport.netty.NettyTransportChannel.sendResponse(NettyTransportChannel.java:75)
	at org.elasticsearch.discovery.zen.ping.unicast.UnicastZenPing$UnicastPingRequestHandler.messageReceived(UnicastZenPing.java:522)
	at org.elasticsearch.discovery.zen.ping.unicast.UnicastZenPing$UnicastPingRequestHandler.messageReceived(UnicastZenPing.java:518)
	at org.elasticsearch.transport.netty.MessageChannelHandler.handleRequest(MessageChannelHandler.java:244)
	at org.elasticsearch.transport.netty.MessageChannelHandler.messageReceived(MessageChannelHandler.java:114)
	at org.jboss.netty.channel.SimpleChannelUpstreamHandler.handleUpstream(SimpleChannelUpstreamHandler.java:70)
	at org.jboss.netty.channel.DefaultChannelPipeline.sendUpstream(DefaultChannelPipeline.java:564)
	at org.jboss.netty.channel.DefaultChannelPipeline$DefaultChannelHandlerContext.sendUpstream(DefaultChannelPipeline.java:791)
	at org.jboss.netty.channel.Channels.fireMessageReceived(Channels.java:296)
	at org.jboss.netty.handler.codec.frame.FrameDecoder.unfoldAndFireMessageReceived(FrameDecoder.java:462)
	at org.jboss.netty.handler.codec.frame.FrameDecoder.callDecode(FrameDecoder.java:443)
	at org.jboss.netty.handler.codec.frame.FrameDecoder.messageReceived(FrameDecoder.java:303)
	at org.jboss.netty.channel.SimpleChannelUpstreamHandler.handleUpstream(SimpleChannelUpstreamHandler.java:70)
	at org.jboss.netty.channel.DefaultChannelPipeline.sendUpstream(DefaultChannelPipeline.java:564)
	at org.jboss.netty.channel.DefaultChannelPipeline$DefaultChannelHandlerContext.sendUpstream(DefaultChannelPipeline.java:791)
	at org.elasticsearch.common.netty.OpenChannelsHandler.handleUpstream(OpenChannelsHandler.java:75)
	at org.jboss.netty.channel.DefaultChannelPipeline.sendUpstream(DefaultChannelPipeline.java:564)
	at org.jboss.netty.channel.DefaultChannelPipeline.sendUpstream(DefaultChannelPipeline.java:559)
	at org.jboss.netty.channel.Channels.fireMessageReceived(Channels.java:268)
	at org.jboss.netty.channel.Channels.fireMessageReceived(Channels.java:255)
	at org.jboss.netty.channel.socket.nio.NioWorker.read(NioWorker.java:88)
	at org.jboss.netty.channel.socket.nio.AbstractNioWorker.process(AbstractNioWorker.java:108)
	at org.jboss.netty.channel.socket.nio.AbstractNioSelector.run(AbstractNioSelector.java:337)
	at org.jboss.netty.channel.socket.nio.AbstractNioWorker.run(AbstractNioWorker.java:89)
	at org.jboss.netty.channel.socket.nio.NioWorker.run(NioWorker.java:178)
	at org.jboss.netty.util.ThreadRenamingRunnable.run(ThreadRenamingRunnable.java:108)
	at org.jboss.netty.util.internal.DeadLockProofWorker$1.run(DeadLockProofWorker.java:42)
	at java.util.concurrent.ThreadPoolExecutor.runWorker(ThreadPoolExecutor.java:1142)
	at java.util.concurrent.ThreadPoolExecutor$Worker.run(ThreadPoolExecutor.java:617)
	at java.lang.Thread.run(Thread.java:745)
[2015-12-21 17:46:59,671][WARN ][transport.netty          ] [Adrian Corbo] exception caught on transport layer [[id: 0x50042348, /0:0:0:0:0:0:0:1:52462 => /0:0:0:0:0:0:0:1:9300]], closing connection
java.io.IOException: 断开的管道
	at sun.nio.ch.FileDispatcherImpl.write0(Native Method)
	at sun.nio.ch.SocketDispatcher.write(SocketDispatcher.java:47)
	at sun.nio.ch.IOUtil.writeFromNativeBuffer(IOUtil.java:93)
	at sun.nio.ch.IOUtil.write(IOUtil.java:51)
	at sun.nio.ch.SocketChannelImpl.write(SocketChannelImpl.java:471)
	at org.jboss.netty.channel.socket.nio.SocketSendBufferPool$UnpooledSendBuffer.transferTo(SocketSendBufferPool.java:203)
	at org.jboss.netty.channel.socket.nio.AbstractNioWorker.write0(AbstractNioWorker.java:201)
	at org.jboss.netty.channel.socket.nio.AbstractNioWorker.writeFromUserCode(AbstractNioWorker.java:146)
	at org.jboss.netty.channel.socket.nio.NioServerSocketPipelineSink.handleAcceptedSocket(NioServerSocketPipelineSink.java:99)
	at org.jboss.netty.channel.socket.nio.NioServerSocketPipelineSink.eventSunk(NioServerSocketPipelineSink.java:36)
	at org.jboss.netty.channel.DefaultChannelPipeline.sendDownstream(DefaultChannelPipeline.java:574)
	at org.jboss.netty.channel.Channels.write(Channels.java:704)
	at org.jboss.netty.channel.Channels.write(Channels.java:671)
	at org.jboss.netty.channel.AbstractChannel.write(AbstractChannel.java:348)
	at org.elasticsearch.transport.netty.NettyTransportChannel.sendResponse(NettyTransportChannel.java:103)
	at org.elasticsearch.transport.netty.NettyTransportChannel.sendResponse(NettyTransportChannel.java:75)
	at org.elasticsearch.discovery.zen.ping.unicast.UnicastZenPing$UnicastPingRequestHandler.messageReceived(UnicastZenPing.java:522)
	at org.elasticsearch.discovery.zen.ping.unicast.UnicastZenPing$UnicastPingRequestHandler.messageReceived(UnicastZenPing.java:518)
	at org.elasticsearch.transport.netty.MessageChannelHandler.handleRequest(MessageChannelHandler.java:244)
	at org.elasticsearch.transport.netty.MessageChannelHandler.messageReceived(MessageChannelHandler.java:114)
	at org.jboss.netty.channel.SimpleChannelUpstreamHandler.handleUpstream(SimpleChannelUpstreamHandler.java:70)
	at org.jboss.netty.channel.DefaultChannelPipeline.sendUpstream(DefaultChannelPipeline.java:564)
	at org.jboss.netty.channel.DefaultChannelPipeline$DefaultChannelHandlerContext.sendUpstream(DefaultChannelPipeline.java:791)
	at org.jboss.netty.channel.Channels.fireMessageReceived(Channels.java:296)
	at org.jboss.netty.handler.codec.frame.FrameDecoder.unfoldAndFireMessageReceived(FrameDecoder.java:462)
	at org.jboss.netty.handler.codec.frame.FrameDecoder.callDecode(FrameDecoder.java:443)
	at org.jboss.netty.handler.codec.frame.FrameDecoder.messageReceived(FrameDecoder.java:303)
	at org.jboss.netty.channel.SimpleChannelUpstreamHandler.handleUpstream(SimpleChannelUpstreamHandler.java:70)
	at org.jboss.netty.channel.DefaultChannelPipeline.sendUpstream(DefaultChannelPipeline.java:564)
	at org.jboss.netty.channel.DefaultChannelPipeline$DefaultChannelHandlerContext.sendUpstream(DefaultChannelPipeline.java:791)
	at org.elasticsearch.common.netty.OpenChannelsHandler.handleUpstream(OpenChannelsHandler.java:75)
	at org.jboss.netty.channel.DefaultChannelPipeline.sendUpstream(DefaultChannelPipeline.java:564)
	at org.jboss.netty.channel.DefaultChannelPipeline.sendUpstream(DefaultChannelPipeline.java:559)
	at org.jboss.netty.channel.Channels.fireMessageReceived(Channels.java:268)
	at org.jboss.netty.channel.Channels.fireMessageReceived(Channels.java:255)
	at org.jboss.netty.channel.socket.nio.NioWorker.read(NioWorker.java:88)
	at org.jboss.netty.channel.socket.nio.AbstractNioWorker.process(AbstractNioWorker.java:108)
	at org.jboss.netty.channel.socket.nio.AbstractNioSelector.run(AbstractNioSelector.java:337)
	at org.jboss.netty.channel.socket.nio.AbstractNioWorker.run(AbstractNioWorker.java:89)
	at org.jboss.netty.channel.socket.nio.NioWorker.run(NioWorker.java:178)
	at org.jboss.netty.util.ThreadRenamingRunnable.run(ThreadRenamingRunnable.java:108)
	at org.jboss.netty.util.internal.DeadLockProofWorker$1.run(DeadLockProofWorker.java:42)
	at java.util.concurrent.ThreadPoolExecutor.runWorker(ThreadPoolExecutor.java:1142)
	at java.util.concurrent.ThreadPoolExecutor$Worker.run(ThreadPoolExecutor.java:617)
	at java.lang.Thread.run(Thread.java:745)
[2015-12-21 17:46:59,675][INFO ][rest.suppressed          ] /weibo Params: {index=weibo}
[weibo] IndexAlreadyExistsException[already exists]
	at org.elasticsearch.cluster.metadata.MetaDataCreateIndexService.validateIndexName(MetaDataCreateIndexService.java:168)
	at org.elasticsearch.cluster.metadata.MetaDataCreateIndexService.validate(MetaDataCreateIndexService.java:520)
	at org.elasticsearch.cluster.metadata.MetaDataCreateIndexService.access$200(MetaDataCreateIndexService.java:97)
	at org.elasticsearch.cluster.metadata.MetaDataCreateIndexService$2.execute(MetaDataCreateIndexService.java:241)
	at org.elasticsearch.cluster.service.InternalClusterService$UpdateTask.run(InternalClusterService.java:388)
	at org.elasticsearch.common.util.concurrent.PrioritizedEsThreadPoolExecutor$TieBreakingPrioritizedRunnable.runAndClean(PrioritizedEsThreadPoolExecutor.java:231)
	at org.elasticsearch.common.util.concurrent.PrioritizedEsThreadPoolExecutor$TieBreakingPrioritizedRunnable.run(PrioritizedEsThreadPoolExecutor.java:194)
	at java.util.concurrent.ThreadPoolExecutor.runWorker(ThreadPoolExecutor.java:1142)
	at java.util.concurrent.ThreadPoolExecutor$Worker.run(ThreadPoolExecutor.java:617)
	at java.lang.Thread.run(Thread.java:745)
[2015-12-21 17:47:01,650][WARN ][netty.channel.DefaultChannelPipeline] An exception was thrown by an exception handler.
java.util.concurrent.RejectedExecutionException: Worker has already been shutdown
	at org.jboss.netty.channel.socket.nio.AbstractNioSelector.registerTask(AbstractNioSelector.java:120)
	at org.jboss.netty.channel.socket.nio.AbstractNioWorker.executeInIoThread(AbstractNioWorker.java:72)
	at org.jboss.netty.channel.socket.nio.NioWorker.executeInIoThread(NioWorker.java:36)
	at org.jboss.netty.channel.socket.nio.AbstractNioWorker.executeInIoThread(AbstractNioWorker.java:56)
	at org.jboss.netty.channel.socket.nio.NioWorker.executeInIoThread(NioWorker.java:36)
	at org.jboss.netty.channel.socket.nio.AbstractNioChannelSink.execute(AbstractNioChannelSink.java:34)
	at org.jboss.netty.channel.DefaultChannelPipeline.execute(DefaultChannelPipeline.java:636)
	at org.jboss.netty.channel.Channels.fireExceptionCaughtLater(Channels.java:496)
	at org.jboss.netty.channel.AbstractChannelSink.exceptionCaught(AbstractChannelSink.java:46)
	at org.jboss.netty.channel.DefaultChannelPipeline.notifyHandlerException(DefaultChannelPipeline.java:658)
	at org.jboss.netty.channel.DefaultChannelPipeline$DefaultChannelHandlerContext.sendDownstream(DefaultChannelPipeline.java:781)
	at org.jboss.netty.channel.Channels.write(Channels.java:725)
	at org.jboss.netty.handler.codec.oneone.OneToOneEncoder.doEncode(OneToOneEncoder.java:71)
	at org.jboss.netty.handler.codec.oneone.OneToOneEncoder.handleDownstream(OneToOneEncoder.java:59)
	at org.jboss.netty.channel.DefaultChannelPipeline.sendDownstream(DefaultChannelPipeline.java:591)
	at org.jboss.netty.channel.DefaultChannelPipeline$DefaultChannelHandlerContext.sendDownstream(DefaultChannelPipeline.java:784)
	at org.elasticsearch.http.netty.pipelining.HttpPipeliningHandler.handleDownstream(HttpPipeliningHandler.java:87)
	at org.jboss.netty.channel.DefaultChannelPipeline.sendDownstream(DefaultChannelPipeline.java:591)
	at org.jboss.netty.channel.DefaultChannelPipeline.sendDownstream(DefaultChannelPipeline.java:582)
	at org.elasticsearch.http.netty.NettyHttpChannel.sendResponse(NettyHttpChannel.java:174)
	at org.elasticsearch.rest.action.support.RestActionListener.onFailure(RestActionListener.java:60)
	at org.elasticsearch.action.support.ThreadedActionListener$2.doRun(ThreadedActionListener.java:104)
	at org.elasticsearch.common.util.concurrent.AbstractRunnable.run(AbstractRunnable.java:37)
	at java.util.concurrent.ThreadPoolExecutor.runWorker(ThreadPoolExecutor.java:1142)
	at java.util.concurrent.ThreadPoolExecutor$Worker.run(ThreadPoolExecutor.java:617)
	at java.lang.Thread.run(Thread.java:745)
[2015-12-21 17:47:03,447][INFO ][node                     ] [Adrian Corbo] stopped
[2015-12-21 17:47:03,447][INFO ][node                     ] [Adrian Corbo] closing ...
[2015-12-21 17:47:03,457][INFO ][node                     ] [Adrian Corbo] closed
