[2015-12-28 14:15:51,920][INFO ][node                     ] [node-1] version[2.1.1], pid[19611], build[40e2c53/2015-12-15T13:05:55Z]
[2015-12-28 14:15:51,921][INFO ][node                     ] [node-1] initializing ...
[2015-12-28 14:15:52,211][ERROR][analysis-ik              ] path
[2015-12-28 14:15:52,212][INFO ][plugins                  ] [node-1] loaded [${elasticsearch.plugin.name}], sites []
[2015-12-28 14:15:52,241][INFO ][env                      ] [node-1] using [1] data paths, mounts [[/home (/dev/sda10)]], net usable_space [36.3gb], net total_space [44.6gb], spins? [possibly], types [ext4]
[2015-12-28 14:15:54,865][INFO ][ik-analyzer              ] [Dict Loading]ik/custom/mydict.dic
[2015-12-28 14:15:54,866][INFO ][ik-analyzer              ] [Dict Loading]ik/custom/single_word_low_freq.dic
[2015-12-28 14:15:54,874][INFO ][ik-analyzer              ] [Dict Loading]ik/custom/ext_stopword.dic
[2015-12-28 14:15:55,850][INFO ][node                     ] [node-1] initialized
[2015-12-28 14:15:55,850][INFO ][node                     ] [node-1] starting ...
[2015-12-28 14:15:55,962][INFO ][transport                ] [node-1] publish_address {127.0.0.1:9301}, bound_addresses {127.0.0.1:9301}, {[::1]:9301}
[2015-12-28 14:15:55,973][INFO ][discovery                ] [node-1] mting/-M2WbX-oQdKSM7XS-TRztw
[2015-12-28 14:15:59,835][WARN ][discovery.zen.ping.unicast] [node-1] failed to send ping to [{#zen_unicast_6#}{::1}{[::1]:9300}]
ReceiveTimeoutTransportException[[][[::1]:9300][internal:discovery/zen/unicast] request_id [3] timed out after [3751ms]]
	at org.elasticsearch.transport.TransportService$TimeoutHandler.run(TransportService.java:645)
	at java.util.concurrent.ThreadPoolExecutor.runWorker(ThreadPoolExecutor.java:1142)
	at java.util.concurrent.ThreadPoolExecutor$Worker.run(ThreadPoolExecutor.java:617)
	at java.lang.Thread.run(Thread.java:745)
[2015-12-28 14:15:59,835][WARN ][discovery.zen.ping.unicast] [node-1] failed to send ping to [{#zen_unicast_1#}{127.0.0.1}{127.0.0.1:9300}]
ReceiveTimeoutTransportException[[][127.0.0.1:9300][internal:discovery/zen/unicast] request_id [2] timed out after [3751ms]]
	at org.elasticsearch.transport.TransportService$TimeoutHandler.run(TransportService.java:645)
	at java.util.concurrent.ThreadPoolExecutor.runWorker(ThreadPoolExecutor.java:1142)
	at java.util.concurrent.ThreadPoolExecutor$Worker.run(ThreadPoolExecutor.java:617)
	at java.lang.Thread.run(Thread.java:745)
[2015-12-28 14:16:00,525][INFO ][cluster.service          ] [node-1] new_master {node-1}{-M2WbX-oQdKSM7XS-TRztw}{127.0.0.1}{127.0.0.1:9301}, reason: zen-disco-join(elected_as_master, [0] joins received)
[2015-12-28 14:16:00,553][INFO ][http                     ] [node-1] publish_address {127.0.0.1:9201}, bound_addresses {127.0.0.1:9201}, {[::1]:9201}
[2015-12-28 14:16:00,553][INFO ][node                     ] [node-1] started
[2015-12-28 14:16:00,649][INFO ][gateway                  ] [node-1] recovered [0] indices into cluster_state
[2015-12-28 14:21:39,548][INFO ][node                     ] [node-1] version[2.1.1], pid[20332], build[40e2c53/2015-12-15T13:05:55Z]
[2015-12-28 14:21:39,549][INFO ][node                     ] [node-1] initializing ...
[2015-12-28 14:21:39,897][ERROR][analysis-ik              ] path
[2015-12-28 14:21:39,898][INFO ][plugins                  ] [node-1] loaded [${elasticsearch.plugin.name}], sites []
[2015-12-28 14:21:39,923][INFO ][env                      ] [node-1] using [1] data paths, mounts [[/home (/dev/sda10)]], net usable_space [36.3gb], net total_space [44.6gb], spins? [possibly], types [ext4]
[2015-12-28 14:21:42,447][INFO ][ik-analyzer              ] [Dict Loading]ik/custom/mydict.dic
[2015-12-28 14:21:42,447][INFO ][ik-analyzer              ] [Dict Loading]ik/custom/single_word_low_freq.dic
[2015-12-28 14:21:42,453][INFO ][ik-analyzer              ] [Dict Loading]ik/custom/ext_stopword.dic
[2015-12-28 14:21:43,118][INFO ][node                     ] [node-1] initialized
[2015-12-28 14:21:43,119][INFO ][node                     ] [node-1] starting ...
[2015-12-28 14:21:43,206][INFO ][transport                ] [node-1] publish_address {127.0.0.1:9302}, bound_addresses {127.0.0.1:9302}, {[::1]:9302}
[2015-12-28 14:21:43,218][INFO ][discovery                ] [node-1] mting/XTqOfRaARtydg7UyUo1JXg
[2015-12-28 14:21:47,082][WARN ][discovery.zen.ping.unicast] [node-1] failed to send ping to [{#zen_unicast_6#}{::1}{[::1]:9300}]
ReceiveTimeoutTransportException[[][[::1]:9300][internal:discovery/zen/unicast] request_id [3] timed out after [3750ms]]
	at org.elasticsearch.transport.TransportService$TimeoutHandler.run(TransportService.java:645)
	at java.util.concurrent.ThreadPoolExecutor.runWorker(ThreadPoolExecutor.java:1142)
	at java.util.concurrent.ThreadPoolExecutor$Worker.run(ThreadPoolExecutor.java:617)
	at java.lang.Thread.run(Thread.java:745)
[2015-12-28 14:21:47,084][WARN ][discovery.zen.ping.unicast] [node-1] failed to send ping to [{#zen_unicast_2#}{127.0.0.1}{127.0.0.1:9301}]
ReceiveTimeoutTransportException[[][127.0.0.1:9301][internal:discovery/zen/unicast] request_id [5] timed out after [3750ms]]
	at org.elasticsearch.transport.TransportService$TimeoutHandler.run(TransportService.java:645)
	at java.util.concurrent.ThreadPoolExecutor.runWorker(ThreadPoolExecutor.java:1142)
	at java.util.concurrent.ThreadPoolExecutor$Worker.run(ThreadPoolExecutor.java:617)
	at java.lang.Thread.run(Thread.java:745)
[2015-12-28 14:21:47,083][WARN ][discovery.zen.ping.unicast] [node-1] failed to send ping to [{#zen_unicast_1#}{127.0.0.1}{127.0.0.1:9300}]
ReceiveTimeoutTransportException[[][127.0.0.1:9300][internal:discovery/zen/unicast] request_id [4] timed out after [3751ms]]
	at org.elasticsearch.transport.TransportService$TimeoutHandler.run(TransportService.java:645)
	at java.util.concurrent.ThreadPoolExecutor.runWorker(ThreadPoolExecutor.java:1142)
	at java.util.concurrent.ThreadPoolExecutor$Worker.run(ThreadPoolExecutor.java:617)
	at java.lang.Thread.run(Thread.java:745)
[2015-12-28 14:21:47,088][WARN ][discovery.zen.ping.unicast] [node-1] failed to send ping to [{#zen_unicast_7#}{::1}{[::1]:9301}]
ReceiveTimeoutTransportException[[][[::1]:9301][internal:discovery/zen/unicast] request_id [6] timed out after [3750ms]]
	at org.elasticsearch.transport.TransportService$TimeoutHandler.run(TransportService.java:645)
	at java.util.concurrent.ThreadPoolExecutor.runWorker(ThreadPoolExecutor.java:1142)
	at java.util.concurrent.ThreadPoolExecutor$Worker.run(ThreadPoolExecutor.java:617)
	at java.lang.Thread.run(Thread.java:745)
[2015-12-28 14:21:47,773][INFO ][cluster.service          ] [node-1] new_master {node-1}{XTqOfRaARtydg7UyUo1JXg}{127.0.0.1}{127.0.0.1:9302}, reason: zen-disco-join(elected_as_master, [0] joins received)
[2015-12-28 14:21:47,802][INFO ][http                     ] [node-1] publish_address {127.0.0.1:9202}, bound_addresses {127.0.0.1:9202}, {[::1]:9202}
[2015-12-28 14:21:47,802][INFO ][node                     ] [node-1] started
[2015-12-28 14:21:47,880][INFO ][gateway                  ] [node-1] recovered [0] indices into cluster_state
[2015-12-28 14:34:43,460][INFO ][node                     ] [node-1] version[2.1.1], pid[21615], build[40e2c53/2015-12-15T13:05:55Z]
[2015-12-28 14:34:43,461][INFO ][node                     ] [node-1] initializing ...
[2015-12-28 14:34:43,756][ERROR][analysis-ik              ] path
[2015-12-28 14:34:43,757][INFO ][plugins                  ] [node-1] loaded [${elasticsearch.plugin.name}], sites []
[2015-12-28 14:34:43,787][INFO ][env                      ] [node-1] using [1] data paths, mounts [[/home (/dev/sda10)]], net usable_space [36.3gb], net total_space [44.6gb], spins? [possibly], types [ext4]
[2015-12-28 14:34:46,247][INFO ][ik-analyzer              ] [Dict Loading]ik/custom/mydict.dic
[2015-12-28 14:34:46,248][INFO ][ik-analyzer              ] [Dict Loading]ik/custom/single_word_low_freq.dic
[2015-12-28 14:34:46,253][INFO ][ik-analyzer              ] [Dict Loading]ik/custom/ext_stopword.dic
[2015-12-28 14:34:46,927][INFO ][node                     ] [node-1] initialized
[2015-12-28 14:34:46,927][INFO ][node                     ] [node-1] starting ...
[2015-12-28 14:34:47,007][INFO ][transport                ] [node-1] publish_address {127.0.0.1:9303}, bound_addresses {127.0.0.1:9303}, {[::1]:9303}
[2015-12-28 14:34:47,018][INFO ][discovery                ] [node-1] mting/8FCSMdX_SS2fJHZA4DNNIg
[2015-12-28 14:34:50,887][WARN ][discovery.zen.ping.unicast] [node-1] failed to send ping to [{#zen_unicast_8#}{::1}{[::1]:9302}]
ReceiveTimeoutTransportException[[][[::1]:9302][internal:discovery/zen/unicast] request_id [2] timed out after [3751ms]]
	at org.elasticsearch.transport.TransportService$TimeoutHandler.run(TransportService.java:645)
	at java.util.concurrent.ThreadPoolExecutor.runWorker(ThreadPoolExecutor.java:1142)
	at java.util.concurrent.ThreadPoolExecutor$Worker.run(ThreadPoolExecutor.java:617)
	at java.lang.Thread.run(Thread.java:745)
[2015-12-28 14:34:50,890][WARN ][discovery.zen.ping.unicast] [node-1] failed to send ping to [{#zen_unicast_1#}{127.0.0.1}{127.0.0.1:9300}]
ReceiveTimeoutTransportException[[][127.0.0.1:9300][internal:discovery/zen/unicast] request_id [8] timed out after [3751ms]]
	at org.elasticsearch.transport.TransportService$TimeoutHandler.run(TransportService.java:645)
	at java.util.concurrent.ThreadPoolExecutor.runWorker(ThreadPoolExecutor.java:1142)
	at java.util.concurrent.ThreadPoolExecutor$Worker.run(ThreadPoolExecutor.java:617)
	at java.lang.Thread.run(Thread.java:745)
[2015-12-28 14:34:50,890][WARN ][discovery.zen.ping.unicast] [node-1] failed to send ping to [{#zen_unicast_3#}{127.0.0.1}{127.0.0.1:9302}]
ReceiveTimeoutTransportException[[][127.0.0.1:9302][internal:discovery/zen/unicast] request_id [7] timed out after [3751ms]]
	at org.elasticsearch.transport.TransportService$TimeoutHandler.run(TransportService.java:645)
	at java.util.concurrent.ThreadPoolExecutor.runWorker(ThreadPoolExecutor.java:1142)
	at java.util.concurrent.ThreadPoolExecutor$Worker.run(ThreadPoolExecutor.java:617)
	at java.lang.Thread.run(Thread.java:745)
[2015-12-28 14:34:50,889][WARN ][discovery.zen.ping.unicast] [node-1] failed to send ping to [{#zen_unicast_7#}{::1}{[::1]:9301}]
ReceiveTimeoutTransportException[[][[::1]:9301][internal:discovery/zen/unicast] request_id [5] timed out after [3751ms]]
	at org.elasticsearch.transport.TransportService$TimeoutHandler.run(TransportService.java:645)
	at java.util.concurrent.ThreadPoolExecutor.runWorker(ThreadPoolExecutor.java:1142)
	at java.util.concurrent.ThreadPoolExecutor$Worker.run(ThreadPoolExecutor.java:617)
	at java.lang.Thread.run(Thread.java:745)
[2015-12-28 14:34:50,888][WARN ][discovery.zen.ping.unicast] [node-1] failed to send ping to [{#zen_unicast_2#}{127.0.0.1}{127.0.0.1:9301}]
ReceiveTimeoutTransportException[[][127.0.0.1:9301][internal:discovery/zen/unicast] request_id [4] timed out after [3751ms]]
	at org.elasticsearch.transport.TransportService$TimeoutHandler.run(TransportService.java:645)
	at java.util.concurrent.ThreadPoolExecutor.runWorker(ThreadPoolExecutor.java:1142)
	at java.util.concurrent.ThreadPoolExecutor$Worker.run(ThreadPoolExecutor.java:617)
	at java.lang.Thread.run(Thread.java:745)
[2015-12-28 14:34:50,887][WARN ][discovery.zen.ping.unicast] [node-1] failed to send ping to [{#zen_unicast_6#}{::1}{[::1]:9300}]
ReceiveTimeoutTransportException[[][[::1]:9300][internal:discovery/zen/unicast] request_id [3] timed out after [3751ms]]
	at org.elasticsearch.transport.TransportService$TimeoutHandler.run(TransportService.java:645)
	at java.util.concurrent.ThreadPoolExecutor.runWorker(ThreadPoolExecutor.java:1142)
	at java.util.concurrent.ThreadPoolExecutor$Worker.run(ThreadPoolExecutor.java:617)
	at java.lang.Thread.run(Thread.java:745)
[2015-12-28 14:34:51,581][INFO ][cluster.service          ] [node-1] new_master {node-1}{8FCSMdX_SS2fJHZA4DNNIg}{127.0.0.1}{127.0.0.1:9303}, reason: zen-disco-join(elected_as_master, [0] joins received)
[2015-12-28 14:34:51,614][INFO ][http                     ] [node-1] publish_address {127.0.0.1:9203}, bound_addresses {127.0.0.1:9203}, {[::1]:9203}
[2015-12-28 14:34:51,614][INFO ][node                     ] [node-1] started
[2015-12-28 14:34:51,686][INFO ][gateway                  ] [node-1] recovered [0] indices into cluster_state
[2015-12-28 14:41:32,333][INFO ][node                     ] [node-1] stopping ...
[2015-12-28 14:41:32,344][WARN ][transport.netty          ] [node-1] exception caught on transport layer [[id: 0x0de7c949, /127.0.0.1:48681 => /127.0.0.1:9302]], closing connection
java.io.IOException: 断开的管道
	at sun.nio.ch.FileDispatcherImpl.write0(Native Method)
	at sun.nio.ch.SocketDispatcher.write(SocketDispatcher.java:47)
	at sun.nio.ch.IOUtil.writeFromNativeBuffer(IOUtil.java:93)
	at sun.nio.ch.IOUtil.write(IOUtil.java:51)
	at sun.nio.ch.SocketChannelImpl.write(SocketChannelImpl.java:471)
	at org.jboss.netty.channel.socket.nio.SocketSendBufferPool$UnpooledSendBuffer.transferTo(SocketSendBufferPool.java:203)
	at org.jboss.netty.channel.socket.nio.AbstractNioWorker.write0(AbstractNioWorker.java:201)
	at org.jboss.netty.channel.socket.nio.AbstractNioWorker.writeFromUserCode(AbstractNioWorker.java:146)
	at org.jboss.netty.channel.socket.nio.NioServerSocketPipelineSink.handleAcceptedSocket(NioServerSocketPipelineSink.java:99)
	at org.jboss.netty.channel.socket.nio.NioServerSocketPipelineSink.eventSunk(NioServerSocketPipelineSink.java:36)
	at org.jboss.netty.channel.DefaultChannelPipeline.sendDownstream(DefaultChannelPipeline.java:574)
	at org.jboss.netty.channel.Channels.write(Channels.java:704)
	at org.jboss.netty.channel.Channels.write(Channels.java:671)
	at org.jboss.netty.channel.AbstractChannel.write(AbstractChannel.java:348)
	at org.elasticsearch.transport.netty.NettyTransportChannel.sendResponse(NettyTransportChannel.java:103)
	at org.elasticsearch.transport.netty.NettyTransportChannel.sendResponse(NettyTransportChannel.java:75)
	at org.elasticsearch.discovery.zen.ping.unicast.UnicastZenPing$UnicastPingRequestHandler.messageReceived(UnicastZenPing.java:522)
	at org.elasticsearch.discovery.zen.ping.unicast.UnicastZenPing$UnicastPingRequestHandler.messageReceived(UnicastZenPing.java:518)
	at org.elasticsearch.transport.netty.MessageChannelHandler.handleRequest(MessageChannelHandler.java:244)
	at org.elasticsearch.transport.netty.MessageChannelHandler.messageReceived(MessageChannelHandler.java:114)
	at org.jboss.netty.channel.SimpleChannelUpstreamHandler.handleUpstream(SimpleChannelUpstreamHandler.java:70)
	at org.jboss.netty.channel.DefaultChannelPipeline.sendUpstream(DefaultChannelPipeline.java:564)
	at org.jboss.netty.channel.DefaultChannelPipeline$DefaultChannelHandlerContext.sendUpstream(DefaultChannelPipeline.java:791)
	at org.jboss.netty.channel.Channels.fireMessageReceived(Channels.java:296)
	at org.jboss.netty.handler.codec.frame.FrameDecoder.unfoldAndFireMessageReceived(FrameDecoder.java:462)
	at org.jboss.netty.handler.codec.frame.FrameDecoder.callDecode(FrameDecoder.java:443)
	at org.jboss.netty.handler.codec.frame.FrameDecoder.messageReceived(FrameDecoder.java:303)
	at org.jboss.netty.channel.SimpleChannelUpstreamHandler.handleUpstream(SimpleChannelUpstreamHandler.java:70)
	at org.jboss.netty.channel.DefaultChannelPipeline.sendUpstream(DefaultChannelPipeline.java:564)
	at org.jboss.netty.channel.DefaultChannelPipeline$DefaultChannelHandlerContext.sendUpstream(DefaultChannelPipeline.java:791)
	at org.elasticsearch.common.netty.OpenChannelsHandler.handleUpstream(OpenChannelsHandler.java:75)
	at org.jboss.netty.channel.DefaultChannelPipeline.sendUpstream(DefaultChannelPipeline.java:564)
	at org.jboss.netty.channel.DefaultChannelPipeline.sendUpstream(DefaultChannelPipeline.java:559)
	at org.jboss.netty.channel.Channels.fireMessageReceived(Channels.java:268)
	at org.jboss.netty.channel.Channels.fireMessageReceived(Channels.java:255)
	at org.jboss.netty.channel.socket.nio.NioWorker.read(NioWorker.java:88)
	at org.jboss.netty.channel.socket.nio.AbstractNioWorker.process(AbstractNioWorker.java:108)
	at org.jboss.netty.channel.socket.nio.AbstractNioSelector.run(AbstractNioSelector.java:337)
	at org.jboss.netty.channel.socket.nio.AbstractNioWorker.run(AbstractNioWorker.java:89)
	at org.jboss.netty.channel.socket.nio.NioWorker.run(NioWorker.java:178)
	at org.jboss.netty.util.ThreadRenamingRunnable.run(ThreadRenamingRunnable.java:108)
	at org.jboss.netty.util.internal.DeadLockProofWorker$1.run(DeadLockProofWorker.java:42)
	at java.util.concurrent.ThreadPoolExecutor.runWorker(ThreadPoolExecutor.java:1142)
	at java.util.concurrent.ThreadPoolExecutor$Worker.run(ThreadPoolExecutor.java:617)
	at java.lang.Thread.run(Thread.java:745)
[2015-12-28 14:41:32,348][WARN ][transport.netty          ] [node-1] exception caught on transport layer [[id: 0x916f14e4, /0:0:0:0:0:0:0:1:42003 => /0:0:0:0:0:0:0:1:9302]], closing connection
java.io.IOException: 断开的管道
	at sun.nio.ch.FileDispatcherImpl.write0(Native Method)
	at sun.nio.ch.SocketDispatcher.write(SocketDispatcher.java:47)
	at sun.nio.ch.IOUtil.writeFromNativeBuffer(IOUtil.java:93)
	at sun.nio.ch.IOUtil.write(IOUtil.java:51)
	at sun.nio.ch.SocketChannelImpl.write(SocketChannelImpl.java:471)
	at org.jboss.netty.channel.socket.nio.SocketSendBufferPool$UnpooledSendBuffer.transferTo(SocketSendBufferPool.java:203)
	at org.jboss.netty.channel.socket.nio.AbstractNioWorker.write0(AbstractNioWorker.java:201)
	at org.jboss.netty.channel.socket.nio.AbstractNioWorker.writeFromUserCode(AbstractNioWorker.java:146)
	at org.jboss.netty.channel.socket.nio.NioServerSocketPipelineSink.handleAcceptedSocket(NioServerSocketPipelineSink.java:99)
	at org.jboss.netty.channel.socket.nio.NioServerSocketPipelineSink.eventSunk(NioServerSocketPipelineSink.java:36)
	at org.jboss.netty.channel.DefaultChannelPipeline.sendDownstream(DefaultChannelPipeline.java:574)
	at org.jboss.netty.channel.Channels.write(Channels.java:704)
	at org.jboss.netty.channel.Channels.write(Channels.java:671)
	at org.jboss.netty.channel.AbstractChannel.write(AbstractChannel.java:348)
	at org.elasticsearch.transport.netty.NettyTransportChannel.sendResponse(NettyTransportChannel.java:103)
	at org.elasticsearch.transport.netty.NettyTransportChannel.sendResponse(NettyTransportChannel.java:75)
	at org.elasticsearch.discovery.zen.ping.unicast.UnicastZenPing$UnicastPingRequestHandler.messageReceived(UnicastZenPing.java:522)
	at org.elasticsearch.discovery.zen.ping.unicast.UnicastZenPing$UnicastPingRequestHandler.messageReceived(UnicastZenPing.java:518)
	at org.elasticsearch.transport.netty.MessageChannelHandler.handleRequest(MessageChannelHandler.java:244)
	at org.elasticsearch.transport.netty.MessageChannelHandler.messageReceived(MessageChannelHandler.java:114)
	at org.jboss.netty.channel.SimpleChannelUpstreamHandler.handleUpstream(SimpleChannelUpstreamHandler.java:70)
	at org.jboss.netty.channel.DefaultChannelPipeline.sendUpstream(DefaultChannelPipeline.java:564)
	at org.jboss.netty.channel.DefaultChannelPipeline$DefaultChannelHandlerContext.sendUpstream(DefaultChannelPipeline.java:791)
	at org.jboss.netty.channel.Channels.fireMessageReceived(Channels.java:296)
	at org.jboss.netty.handler.codec.frame.FrameDecoder.unfoldAndFireMessageReceived(FrameDecoder.java:462)
	at org.jboss.netty.handler.codec.frame.FrameDecoder.callDecode(FrameDecoder.java:443)
	at org.jboss.netty.handler.codec.frame.FrameDecoder.messageReceived(FrameDecoder.java:303)
	at org.jboss.netty.channel.SimpleChannelUpstreamHandler.handleUpstream(SimpleChannelUpstreamHandler.java:70)
	at org.jboss.netty.channel.DefaultChannelPipeline.sendUpstream(DefaultChannelPipeline.java:564)
	at org.jboss.netty.channel.DefaultChannelPipeline$DefaultChannelHandlerContext.sendUpstream(DefaultChannelPipeline.java:791)
	at org.elasticsearch.common.netty.OpenChannelsHandler.handleUpstream(OpenChannelsHandler.java:75)
	at org.jboss.netty.channel.DefaultChannelPipeline.sendUpstream(DefaultChannelPipeline.java:564)
	at org.jboss.netty.channel.DefaultChannelPipeline.sendUpstream(DefaultChannelPipeline.java:559)
	at org.jboss.netty.channel.Channels.fireMessageReceived(Channels.java:268)
	at org.jboss.netty.channel.Channels.fireMessageReceived(Channels.java:255)
	at org.jboss.netty.channel.socket.nio.NioWorker.read(NioWorker.java:88)
	at org.jboss.netty.channel.socket.nio.AbstractNioWorker.process(AbstractNioWorker.java:108)
	at org.jboss.netty.channel.socket.nio.AbstractNioSelector.run(AbstractNioSelector.java:337)
	at org.jboss.netty.channel.socket.nio.AbstractNioWorker.run(AbstractNioWorker.java:89)
	at org.jboss.netty.channel.socket.nio.NioWorker.run(NioWorker.java:178)
	at org.jboss.netty.util.ThreadRenamingRunnable.run(ThreadRenamingRunnable.java:108)
	at org.jboss.netty.util.internal.DeadLockProofWorker$1.run(DeadLockProofWorker.java:42)
	at java.util.concurrent.ThreadPoolExecutor.runWorker(ThreadPoolExecutor.java:1142)
	at java.util.concurrent.ThreadPoolExecutor$Worker.run(ThreadPoolExecutor.java:617)
	at java.lang.Thread.run(Thread.java:745)
[2015-12-28 14:41:32,358][WARN ][transport.netty          ] [node-1] exception caught on transport layer [[id: 0xe326a096, /127.0.0.1:58101 => /127.0.0.1:9301]], closing connection
java.io.IOException: 断开的管道
	at sun.nio.ch.FileDispatcherImpl.write0(Native Method)
	at sun.nio.ch.SocketDispatcher.write(SocketDispatcher.java:47)
	at sun.nio.ch.IOUtil.writeFromNativeBuffer(IOUtil.java:93)
	at sun.nio.ch.IOUtil.write(IOUtil.java:51)
	at sun.nio.ch.SocketChannelImpl.write(SocketChannelImpl.java:471)
	at org.jboss.netty.channel.socket.nio.SocketSendBufferPool$UnpooledSendBuffer.transferTo(SocketSendBufferPool.java:203)
	at org.jboss.netty.channel.socket.nio.AbstractNioWorker.write0(AbstractNioWorker.java:201)
	at org.jboss.netty.channel.socket.nio.AbstractNioWorker.writeFromUserCode(AbstractNioWorker.java:146)
	at org.jboss.netty.channel.socket.nio.NioServerSocketPipelineSink.handleAcceptedSocket(NioServerSocketPipelineSink.java:99)
	at org.jboss.netty.channel.socket.nio.NioServerSocketPipelineSink.eventSunk(NioServerSocketPipelineSink.java:36)
	at org.jboss.netty.channel.DefaultChannelPipeline.sendDownstream(DefaultChannelPipeline.java:574)
	at org.jboss.netty.channel.Channels.write(Channels.java:704)
	at org.jboss.netty.channel.Channels.write(Channels.java:671)
	at org.jboss.netty.channel.AbstractChannel.write(AbstractChannel.java:348)
	at org.elasticsearch.transport.netty.NettyTransportChannel.sendResponse(NettyTransportChannel.java:103)
	at org.elasticsearch.transport.netty.NettyTransportChannel.sendResponse(NettyTransportChannel.java:75)
	at org.elasticsearch.discovery.zen.ping.unicast.UnicastZenPing$UnicastPingRequestHandler.messageReceived(UnicastZenPing.java:522)
	at org.elasticsearch.discovery.zen.ping.unicast.UnicastZenPing$UnicastPingRequestHandler.messageReceived(UnicastZenPing.java:518)
	at org.elasticsearch.transport.netty.MessageChannelHandler.handleRequest(MessageChannelHandler.java:244)
	at org.elasticsearch.transport.netty.MessageChannelHandler.messageReceived(MessageChannelHandler.java:114)
	at org.jboss.netty.channel.SimpleChannelUpstreamHandler.handleUpstream(SimpleChannelUpstreamHandler.java:70)
	at org.jboss.netty.channel.DefaultChannelPipeline.sendUpstream(DefaultChannelPipeline.java:564)
	at org.jboss.netty.channel.DefaultChannelPipeline$DefaultChannelHandlerContext.sendUpstream(DefaultChannelPipeline.java:791)
	at org.jboss.netty.channel.Channels.fireMessageReceived(Channels.java:296)
	at org.jboss.netty.handler.codec.frame.FrameDecoder.unfoldAndFireMessageReceived(FrameDecoder.java:462)
	at org.jboss.netty.handler.codec.frame.FrameDecoder.callDecode(FrameDecoder.java:443)
	at org.jboss.netty.handler.codec.frame.FrameDecoder.messageReceived(FrameDecoder.java:303)
	at org.jboss.netty.channel.SimpleChannelUpstreamHandler.handleUpstream(SimpleChannelUpstreamHandler.java:70)
	at org.jboss.netty.channel.DefaultChannelPipeline.sendUpstream(DefaultChannelPipeline.java:564)
	at org.jboss.netty.channel.DefaultChannelPipeline$DefaultChannelHandlerContext.sendUpstream(DefaultChannelPipeline.java:791)
	at org.elasticsearch.common.netty.OpenChannelsHandler.handleUpstream(OpenChannelsHandler.java:75)
	at org.jboss.netty.channel.DefaultChannelPipeline.sendUpstream(DefaultChannelPipeline.java:564)
	at org.jboss.netty.channel.DefaultChannelPipeline.sendUpstream(DefaultChannelPipeline.java:559)
	at org.jboss.netty.channel.Channels.fireMessageReceived(Channels.java:268)
	at org.jboss.netty.channel.Channels.fireMessageReceived(Channels.java:255)
	at org.jboss.netty.channel.socket.nio.NioWorker.read(NioWorker.java:88)
	at org.jboss.netty.channel.socket.nio.AbstractNioWorker.process(AbstractNioWorker.java:108)
	at org.jboss.netty.channel.socket.nio.AbstractNioSelector.run(AbstractNioSelector.java:337)
	at org.jboss.netty.channel.socket.nio.AbstractNioWorker.run(AbstractNioWorker.java:89)
	at org.jboss.netty.channel.socket.nio.NioWorker.run(NioWorker.java:178)
	at org.jboss.netty.util.ThreadRenamingRunnable.run(ThreadRenamingRunnable.java:108)
	at org.jboss.netty.util.internal.DeadLockProofWorker$1.run(DeadLockProofWorker.java:42)
	at java.util.concurrent.ThreadPoolExecutor.runWorker(ThreadPoolExecutor.java:1142)
	at java.util.concurrent.ThreadPoolExecutor$Worker.run(ThreadPoolExecutor.java:617)
	at java.lang.Thread.run(Thread.java:745)
[2015-12-28 14:41:32,366][WARN ][transport.netty          ] [node-1] exception caught on transport layer [[id: 0x0fbeb94e, /127.0.0.1:58145 => /127.0.0.1:9301]], closing connection
java.io.IOException: 断开的管道
	at sun.nio.ch.FileDispatcherImpl.write0(Native Method)
	at sun.nio.ch.SocketDispatcher.write(SocketDispatcher.java:47)
	at sun.nio.ch.IOUtil.writeFromNativeBuffer(IOUtil.java:93)
	at sun.nio.ch.IOUtil.write(IOUtil.java:51)
	at sun.nio.ch.SocketChannelImpl.write(SocketChannelImpl.java:471)
	at org.jboss.netty.channel.socket.nio.SocketSendBufferPool$UnpooledSendBuffer.transferTo(SocketSendBufferPool.java:203)
	at org.jboss.netty.channel.socket.nio.AbstractNioWorker.write0(AbstractNioWorker.java:201)
	at org.jboss.netty.channel.socket.nio.AbstractNioWorker.writeFromUserCode(AbstractNioWorker.java:146)
	at org.jboss.netty.channel.socket.nio.NioServerSocketPipelineSink.handleAcceptedSocket(NioServerSocketPipelineSink.java:99)
	at org.jboss.netty.channel.socket.nio.NioServerSocketPipelineSink.eventSunk(NioServerSocketPipelineSink.java:36)
	at org.jboss.netty.channel.DefaultChannelPipeline.sendDownstream(DefaultChannelPipeline.java:574)
	at org.jboss.netty.channel.Channels.write(Channels.java:704)
	at org.jboss.netty.channel.Channels.write(Channels.java:671)
	at org.jboss.netty.channel.AbstractChannel.write(AbstractChannel.java:348)
	at org.elasticsearch.transport.netty.NettyTransportChannel.sendResponse(NettyTransportChannel.java:103)
	at org.elasticsearch.transport.netty.NettyTransportChannel.sendResponse(NettyTransportChannel.java:75)
	at org.elasticsearch.discovery.zen.ping.unicast.UnicastZenPing$UnicastPingRequestHandler.messageReceived(UnicastZenPing.java:522)
	at org.elasticsearch.discovery.zen.ping.unicast.UnicastZenPing$UnicastPingRequestHandler.messageReceived(UnicastZenPing.java:518)
	at org.elasticsearch.transport.netty.MessageChannelHandler.handleRequest(MessageChannelHandler.java:244)
	at org.elasticsearch.transport.netty.MessageChannelHandler.messageReceived(MessageChannelHandler.java:114)
	at org.jboss.netty.channel.SimpleChannelUpstreamHandler.handleUpstream(SimpleChannelUpstreamHandler.java:70)
	at org.jboss.netty.channel.DefaultChannelPipeline.sendUpstream(DefaultChannelPipeline.java:564)
	at org.jboss.netty.channel.DefaultChannelPipeline$DefaultChannelHandlerContext.sendUpstream(DefaultChannelPipeline.java:791)
	at org.jboss.netty.channel.Channels.fireMessageReceived(Channels.java:296)
	at org.jboss.netty.handler.codec.frame.FrameDecoder.unfoldAndFireMessageReceived(FrameDecoder.java:462)
	at org.jboss.netty.handler.codec.frame.FrameDecoder.callDecode(FrameDecoder.java:443)
	at org.jboss.netty.handler.codec.frame.FrameDecoder.messageReceived(FrameDecoder.java:303)
	at org.jboss.netty.channel.SimpleChannelUpstreamHandler.handleUpstream(SimpleChannelUpstreamHandler.java:70)
	at org.jboss.netty.channel.DefaultChannelPipeline.sendUpstream(DefaultChannelPipeline.java:564)
	at org.jboss.netty.channel.DefaultChannelPipeline$DefaultChannelHandlerContext.sendUpstream(DefaultChannelPipeline.java:791)
	at org.elasticsearch.common.netty.OpenChannelsHandler.handleUpstream(OpenChannelsHandler.java:75)
	at org.jboss.netty.channel.DefaultChannelPipeline.sendUpstream(DefaultChannelPipeline.java:564)
	at org.jboss.netty.channel.DefaultChannelPipeline.sendUpstream(DefaultChannelPipeline.java:559)
	at org.jboss.netty.channel.Channels.fireMessageReceived(Channels.java:268)
	at org.jboss.netty.channel.Channels.fireMessageReceived(Channels.java:255)
	at org.jboss.netty.channel.socket.nio.NioWorker.read(NioWorker.java:88)
	at org.jboss.netty.channel.socket.nio.AbstractNioWorker.process(AbstractNioWorker.java:108)
	at org.jboss.netty.channel.socket.nio.AbstractNioSelector.run(AbstractNioSelector.java:337)
	at org.jboss.netty.channel.socket.nio.AbstractNioWorker.run(AbstractNioWorker.java:89)
	at org.jboss.netty.channel.socket.nio.NioWorker.run(NioWorker.java:178)
	at org.jboss.netty.util.ThreadRenamingRunnable.run(ThreadRenamingRunnable.java:108)
	at org.jboss.netty.util.internal.DeadLockProofWorker$1.run(DeadLockProofWorker.java:42)
	at java.util.concurrent.ThreadPoolExecutor.runWorker(ThreadPoolExecutor.java:1142)
	at java.util.concurrent.ThreadPoolExecutor$Worker.run(ThreadPoolExecutor.java:617)
	at java.lang.Thread.run(Thread.java:745)
[2015-12-28 14:41:32,360][WARN ][transport.netty          ] [node-1] exception caught on transport layer [[id: 0x07890a28, /0:0:0:0:0:0:0:1:48699 => /0:0:0:0:0:0:0:1:9301]], closing connection
java.io.IOException: 断开的管道
	at sun.nio.ch.FileDispatcherImpl.write0(Native Method)
	at sun.nio.ch.SocketDispatcher.write(SocketDispatcher.java:47)
	at sun.nio.ch.IOUtil.writeFromNativeBuffer(IOUtil.java:93)
	at sun.nio.ch.IOUtil.write(IOUtil.java:51)
	at sun.nio.ch.SocketChannelImpl.write(SocketChannelImpl.java:471)
	at org.jboss.netty.channel.socket.nio.SocketSendBufferPool$UnpooledSendBuffer.transferTo(SocketSendBufferPool.java:203)
	at org.jboss.netty.channel.socket.nio.AbstractNioWorker.write0(AbstractNioWorker.java:201)
	at org.jboss.netty.channel.socket.nio.AbstractNioWorker.writeFromUserCode(AbstractNioWorker.java:146)
	at org.jboss.netty.channel.socket.nio.NioServerSocketPipelineSink.handleAcceptedSocket(NioServerSocketPipelineSink.java:99)
	at org.jboss.netty.channel.socket.nio.NioServerSocketPipelineSink.eventSunk(NioServerSocketPipelineSink.java:36)
	at org.jboss.netty.channel.DefaultChannelPipeline.sendDownstream(DefaultChannelPipeline.java:574)
	at org.jboss.netty.channel.Channels.write(Channels.java:704)
	at org.jboss.netty.channel.Channels.write(Channels.java:671)
	at org.jboss.netty.channel.AbstractChannel.write(AbstractChannel.java:348)
	at org.elasticsearch.transport.netty.NettyTransportChannel.sendResponse(NettyTransportChannel.java:103)
	at org.elasticsearch.transport.netty.NettyTransportChannel.sendResponse(NettyTransportChannel.java:75)
	at org.elasticsearch.discovery.zen.ping.unicast.UnicastZenPing$UnicastPingRequestHandler.messageReceived(UnicastZenPing.java:522)
	at org.elasticsearch.discovery.zen.ping.unicast.UnicastZenPing$UnicastPingRequestHandler.messageReceived(UnicastZenPing.java:518)
	at org.elasticsearch.transport.netty.MessageChannelHandler.handleRequest(MessageChannelHandler.java:244)
	at org.elasticsearch.transport.netty.MessageChannelHandler.messageReceived(MessageChannelHandler.java:114)
	at org.jboss.netty.channel.SimpleChannelUpstreamHandler.handleUpstream(SimpleChannelUpstreamHandler.java:70)
	at org.jboss.netty.channel.DefaultChannelPipeline.sendUpstream(DefaultChannelPipeline.java:564)
	at org.jboss.netty.channel.DefaultChannelPipeline$DefaultChannelHandlerContext.sendUpstream(DefaultChannelPipeline.java:791)
	at org.jboss.netty.channel.Channels.fireMessageReceived(Channels.java:296)
	at org.jboss.netty.handler.codec.frame.FrameDecoder.unfoldAndFireMessageReceived(FrameDecoder.java:462)
	at org.jboss.netty.handler.codec.frame.FrameDecoder.callDecode(FrameDecoder.java:443)
	at org.jboss.netty.handler.codec.frame.FrameDecoder.messageReceived(FrameDecoder.java:303)
	at org.jboss.netty.channel.SimpleChannelUpstreamHandler.handleUpstream(SimpleChannelUpstreamHandler.java:70)
	at org.jboss.netty.channel.DefaultChannelPipeline.sendUpstream(DefaultChannelPipeline.java:564)
	at org.jboss.netty.channel.DefaultChannelPipeline$DefaultChannelHandlerContext.sendUpstream(DefaultChannelPipeline.java:791)
	at org.elasticsearch.common.netty.OpenChannelsHandler.handleUpstream(OpenChannelsHandler.java:75)
	at org.jboss.netty.channel.DefaultChannelPipeline.sendUpstream(DefaultChannelPipeline.java:564)
	at org.jboss.netty.channel.DefaultChannelPipeline.sendUpstream(DefaultChannelPipeline.java:559)
	at org.jboss.netty.channel.Channels.fireMessageReceived(Channels.java:268)
	at org.jboss.netty.channel.Channels.fireMessageReceived(Channels.java:255)
	at org.jboss.netty.channel.socket.nio.NioWorker.read(NioWorker.java:88)
	at org.jboss.netty.channel.socket.nio.AbstractNioWorker.process(AbstractNioWorker.java:108)
	at org.jboss.netty.channel.socket.nio.AbstractNioSelector.run(AbstractNioSelector.java:337)
	at org.jboss.netty.channel.socket.nio.AbstractNioWorker.run(AbstractNioWorker.java:89)
	at org.jboss.netty.channel.socket.nio.NioWorker.run(NioWorker.java:178)
	at org.jboss.netty.util.ThreadRenamingRunnable.run(ThreadRenamingRunnable.java:108)
	at org.jboss.netty.util.internal.DeadLockProofWorker$1.run(DeadLockProofWorker.java:42)
	at java.util.concurrent.ThreadPoolExecutor.runWorker(ThreadPoolExecutor.java:1142)
	at java.util.concurrent.ThreadPoolExecutor$Worker.run(ThreadPoolExecutor.java:617)
	at java.lang.Thread.run(Thread.java:745)
[2015-12-28 14:41:32,360][WARN ][transport.netty          ] [node-1] exception caught on transport layer [[id: 0xa6ac76a0, /0:0:0:0:0:0:0:1:48743 => /0:0:0:0:0:0:0:1:9301]], closing connection
java.io.IOException: 断开的管道
	at sun.nio.ch.FileDispatcherImpl.write0(Native Method)
	at sun.nio.ch.SocketDispatcher.write(SocketDispatcher.java:47)
	at sun.nio.ch.IOUtil.writeFromNativeBuffer(IOUtil.java:93)
	at sun.nio.ch.IOUtil.write(IOUtil.java:51)
	at sun.nio.ch.SocketChannelImpl.write(SocketChannelImpl.java:471)
	at org.jboss.netty.channel.socket.nio.SocketSendBufferPool$UnpooledSendBuffer.transferTo(SocketSendBufferPool.java:203)
	at org.jboss.netty.channel.socket.nio.AbstractNioWorker.write0(AbstractNioWorker.java:201)
	at org.jboss.netty.channel.socket.nio.AbstractNioWorker.writeFromUserCode(AbstractNioWorker.java:146)
	at org.jboss.netty.channel.socket.nio.NioServerSocketPipelineSink.handleAcceptedSocket(NioServerSocketPipelineSink.java:99)
	at org.jboss.netty.channel.socket.nio.NioServerSocketPipelineSink.eventSunk(NioServerSocketPipelineSink.java:36)
	at org.jboss.netty.channel.DefaultChannelPipeline.sendDownstream(DefaultChannelPipeline.java:574)
	at org.jboss.netty.channel.Channels.write(Channels.java:704)
	at org.jboss.netty.channel.Channels.write(Channels.java:671)
	at org.jboss.netty.channel.AbstractChannel.write(AbstractChannel.java:348)
	at org.elasticsearch.transport.netty.NettyTransportChannel.sendResponse(NettyTransportChannel.java:103)
	at org.elasticsearch.transport.netty.NettyTransportChannel.sendResponse(NettyTransportChannel.java:75)
	at org.elasticsearch.discovery.zen.ping.unicast.UnicastZenPing$UnicastPingRequestHandler.messageReceived(UnicastZenPing.java:522)
	at org.elasticsearch.discovery.zen.ping.unicast.UnicastZenPing$UnicastPingRequestHandler.messageReceived(UnicastZenPing.java:518)
	at org.elasticsearch.transport.netty.MessageChannelHandler.handleRequest(MessageChannelHandler.java:244)
	at org.elasticsearch.transport.netty.MessageChannelHandler.messageReceived(MessageChannelHandler.java:114)
	at org.jboss.netty.channel.SimpleChannelUpstreamHandler.handleUpstream(SimpleChannelUpstreamHandler.java:70)
	at org.jboss.netty.channel.DefaultChannelPipeline.sendUpstream(DefaultChannelPipeline.java:564)
	at org.jboss.netty.channel.DefaultChannelPipeline$DefaultChannelHandlerContext.sendUpstream(DefaultChannelPipeline.java:791)
	at org.jboss.netty.channel.Channels.fireMessageReceived(Channels.java:296)
	at org.jboss.netty.handler.codec.frame.FrameDecoder.unfoldAndFireMessageReceived(FrameDecoder.java:462)
	at org.jboss.netty.handler.codec.frame.FrameDecoder.callDecode(FrameDecoder.java:443)
	at org.jboss.netty.handler.codec.frame.FrameDecoder.messageReceived(FrameDecoder.java:303)
	at org.jboss.netty.channel.SimpleChannelUpstreamHandler.handleUpstream(SimpleChannelUpstreamHandler.java:70)
	at org.jboss.netty.channel.DefaultChannelPipeline.sendUpstream(DefaultChannelPipeline.java:564)
	at org.jboss.netty.channel.DefaultChannelPipeline$DefaultChannelHandlerContext.sendUpstream(DefaultChannelPipeline.java:791)
	at org.elasticsearch.common.netty.OpenChannelsHandler.handleUpstream(OpenChannelsHandler.java:75)
	at org.jboss.netty.channel.DefaultChannelPipeline.sendUpstream(DefaultChannelPipeline.java:564)
	at org.jboss.netty.channel.DefaultChannelPipeline.sendUpstream(DefaultChannelPipeline.java:559)
	at org.jboss.netty.channel.Channels.fireMessageReceived(Channels.java:268)
	at org.jboss.netty.channel.Channels.fireMessageReceived(Channels.java:255)
	at org.jboss.netty.channel.socket.nio.NioWorker.read(NioWorker.java:88)
	at org.jboss.netty.channel.socket.nio.AbstractNioWorker.process(AbstractNioWorker.java:108)
	at org.jboss.netty.channel.socket.nio.AbstractNioSelector.run(AbstractNioSelector.java:337)
	at org.jboss.netty.channel.socket.nio.AbstractNioWorker.run(AbstractNioWorker.java:89)
	at org.jboss.netty.channel.socket.nio.NioWorker.run(NioWorker.java:178)
	at org.jboss.netty.util.ThreadRenamingRunnable.run(ThreadRenamingRunnable.java:108)
	at org.jboss.netty.util.internal.DeadLockProofWorker$1.run(DeadLockProofWorker.java:42)
	at java.util.concurrent.ThreadPoolExecutor.runWorker(ThreadPoolExecutor.java:1142)
	at java.util.concurrent.ThreadPoolExecutor$Worker.run(ThreadPoolExecutor.java:617)
	at java.lang.Thread.run(Thread.java:745)
[2015-12-28 14:41:32,392][INFO ][node                     ] [node-1] stopping ...
[2015-12-28 14:41:32,397][INFO ][node                     ] [node-1] stopping ...
[2015-12-28 14:41:32,479][DEBUG][action.admin.cluster.node.stats] [node-1] failed to execute on node [8FCSMdX_SS2fJHZA4DNNIg]
SendRequestTransportException[[node-1][127.0.0.1:9303][cluster:monitor/nodes/stats[n]]]; nested: TransportException[TransportService is closed stopped can't send request];
	at org.elasticsearch.transport.TransportService.sendRequest(TransportService.java:323)
	at org.elasticsearch.action.support.nodes.TransportNodesAction$AsyncAction.start(TransportNodesAction.java:147)
	at org.elasticsearch.action.support.nodes.TransportNodesAction$AsyncAction.access$100(TransportNodesAction.java:94)
	at org.elasticsearch.action.support.nodes.TransportNodesAction.doExecute(TransportNodesAction.java:68)
	at org.elasticsearch.action.support.nodes.TransportNodesAction.doExecute(TransportNodesAction.java:44)
	at org.elasticsearch.action.support.TransportAction.execute(TransportAction.java:70)
	at org.elasticsearch.cluster.InternalClusterInfoService.updateNodeStats(InternalClusterInfoService.java:286)
	at org.elasticsearch.cluster.InternalClusterInfoService.refresh(InternalClusterInfoService.java:323)
	at org.elasticsearch.cluster.InternalClusterInfoService.maybeRefresh(InternalClusterInfoService.java:307)
	at org.elasticsearch.cluster.InternalClusterInfoService.access$600(InternalClusterInfoService.java:66)
	at org.elasticsearch.cluster.InternalClusterInfoService$SubmitReschedulingClusterInfoUpdatedJob$1.run(InternalClusterInfoService.java:252)
	at java.util.concurrent.ThreadPoolExecutor.runWorker(ThreadPoolExecutor.java:1142)
	at java.util.concurrent.ThreadPoolExecutor$Worker.run(ThreadPoolExecutor.java:617)
	at java.lang.Thread.run(Thread.java:745)
Caused by: TransportException[TransportService is closed stopped can't send request]
	at org.elasticsearch.transport.TransportService.sendRequest(TransportService.java:303)
	... 13 more
[2015-12-28 14:41:32,489][INFO ][node                     ] [node-1] stopped
[2015-12-28 14:41:32,489][INFO ][node                     ] [node-1] closing ...
[2015-12-28 14:41:32,531][INFO ][node                     ] [node-1] stopped
[2015-12-28 14:41:32,532][INFO ][node                     ] [node-1] closing ...
[2015-12-28 14:41:32,534][INFO ][node                     ] [node-1] stopped
[2015-12-28 14:41:32,535][INFO ][node                     ] [node-1] closing ...
[2015-12-28 14:41:32,561][INFO ][node                     ] [node-1] closed
[2015-12-28 14:41:32,566][INFO ][node                     ] [node-1] closed
[2015-12-28 14:41:32,583][INFO ][node                     ] [node-1] closed
